<?xml version="1.0" encoding="UTF-8"?>
<testExecutions version="1">
  <file path="C:\Users\srija\TSI\Typescript\vite-project\tests\link.test.js">
  </file>
</testExecutions>